<?xml version="1.0" encoding="UTF-8"?>
<!-- Generated by org.testng.reporters.JUnitReportReporter -->
<testsuite hostname="LAPTOP-NT62VGN0" failures="0" tests="6" name="api.test.DDTest" time="1.191" errors="0" timestamp="2023-06-10T10:15:24 EDT" skipped="0">
  <testcase classname="api.test.DDTest" name="testPostuser" time="0.208"/>
  <system-out/>
  <testcase classname="api.test.DDTest" name="testPostuser" time="0.211"/>
  <system-out/>
  <testcase classname="api.test.DDTest" name="testPostuser" time="0.185"/>
  <system-out/>
  <testcase classname="api.test.DDTest" name="testDeleteUserByName" time="0.215"/>
  <system-out/>
  <testcase classname="api.test.DDTest" name="testDeleteUserByName" time="0.191"/>
  <system-out/>
  <testcase classname="api.test.DDTest" name="testDeleteUserByName" time="0.181"/>
  <system-out/>
</testsuite> <!-- api.test.DDTest -->
