<?xml version="1.0" encoding="UTF-8"?>
<!-- Generated by org.testng.reporters.JUnitReportReporter -->
<testsuite hostname="LAPTOP-NT62VGN0" failures="0" tests="4" name="api.test.UserTests" time="3.188" errors="0" timestamp="2023-06-08T23:27:00 EDT" skipped="0">
  <testcase classname="api.test.UserTests" name="testPostUser" time="2.145"/>
  <system-out/>
  <testcase classname="api.test.UserTests" name="testGetUserByName" time="0.283"/>
  <system-out/>
  <testcase classname="api.test.UserTests" name="testUpdateUserByName" time="0.529"/>
  <system-out/>
  <testcase classname="api.test.UserTests" name="testDeleteUserByName" time="0.231"/>
  <system-out/>
</testsuite> <!-- api.test.UserTests -->
