<?xml version="1.0" encoding="UTF-8"?>
<!-- Generated by org.testng.reporters.JUnitReportReporter -->
<testsuite hostname="LAPTOP-NT62VGN0" failures="0" tests="4" name="api.test.UserTests2" time="2.811" errors="0" timestamp="2023-06-10T10:15:24 EDT" skipped="0">
  <testcase classname="api.test.UserTests2" name="testPostUser" time="1.853"/>
  <system-out/>
  <testcase classname="api.test.UserTests2" name="testGetUserByName" time="0.247"/>
  <system-out/>
  <testcase classname="api.test.UserTests2" name="testUpdateUserByName" time="0.462"/>
  <system-out/>
  <testcase classname="api.test.UserTests2" name="testDeleteUserByName" time="0.249"/>
  <system-out/>
</testsuite> <!-- api.test.UserTests2 -->
