<?xml version="1.0" encoding="UTF-8"?>
<!-- Generated by org.testng.reporters.JUnitReportReporter -->
<testsuite hostname="LAPTOP-NT62VGN0" failures="0" tests="4" name="api.test.UserTests2" time="3.721" errors="0" timestamp="2023-06-10T10:43:48 EDT" skipped="0">
  <testcase classname="api.test.UserTests2" name="testPostUser" time="2.787"/>
  <system-out/>
  <testcase classname="api.test.UserTests2" name="testGetUserByName" time="0.261"/>
  <system-out/>
  <testcase classname="api.test.UserTests2" name="testUpdateUserByName" time="0.463"/>
  <system-out/>
  <testcase classname="api.test.UserTests2" name="testDeleteUserByName" time="0.210"/>
  <system-out/>
</testsuite> <!-- api.test.UserTests2 -->
