<?xml version="1.0" encoding="UTF-8"?>
<!-- Generated by org.testng.reporters.JUnitReportReporter -->
<testsuite hostname="LAPTOP-NT62VGN0" failures="0" tests="6" name="api.test.DDTest" time="1.348" errors="0" timestamp="2023-06-10T10:43:48 EDT" skipped="0">
  <testcase classname="api.test.DDTest" name="testPostuser" time="0.212"/>
  <system-out/>
  <testcase classname="api.test.DDTest" name="testPostuser" time="0.200"/>
  <system-out/>
  <testcase classname="api.test.DDTest" name="testPostuser" time="0.219"/>
  <system-out/>
  <testcase classname="api.test.DDTest" name="testDeleteUserByName" time="0.303"/>
  <system-out/>
  <testcase classname="api.test.DDTest" name="testDeleteUserByName" time="0.195"/>
  <system-out/>
  <testcase classname="api.test.DDTest" name="testDeleteUserByName" time="0.219"/>
  <system-out/>
</testsuite> <!-- api.test.DDTest -->
